<?xml version="1.0" encoding="UTF-8" ?>
<testsuite tests="35" failures="0" name="tests.Smoketest1" time="0.016" errors="0" skipped="0">
  <properties>
[...]
</properties>
  <testcase classname="| 8688278137 | sowjanya1 | all_valid |" name="Given launch site using &quot;chrome&quot;" time="0.01"/>
  <testcase classname="| 8688278137 | sowjanya1 | all_valid |" name="When Enter mobile number as &quot;8688278137&quot;" time="0"/>
  <testcase classname="| 8688278137 | sowjanya1 | all_valid |" name="And enter password as &quot;sowjanya1&quot;" time="0"/>
  <testcase classname="| 8688278137 | sowjanya1 | all_valid |" name="And click login" time="0"/>
  <testcase classname="| 8688278137 | sowjanya1 | all_valid |" name="Then validate output for criteria &quot;all_valid&quot;" time="0"/>
  <testcase classname="| 8688278137 | sowjanya1 | all_valid |" name="And close site" time="0"/>
  <testcase classname="| 8688278137 | sowjanya1 | all_valid |" name="| 8688278137 | sowjanya1 | all_valid |" time="0.006"/>
  <testcase classname="|  | sowjanya1 | mb_no_blank |" name="Given launch site using &quot;chrome&quot;" time="0"/>
  <testcase classname="|  | sowjanya1 | mb_no_blank |" name="When Enter mobile number as &quot;&quot;" time="0"/>
  <testcase classname="|  | sowjanya1 | mb_no_blank |" name="And enter password as &quot;sowjanya1&quot;" time="0"/>
  <testcase classname="|  | sowjanya1 | mb_no_blank |" name="And click login" time="0"/>
  <testcase classname="|  | sowjanya1 | mb_no_blank |" name="Then validate output for criteria &quot;mb_no_blank&quot;" time="0"/>
  <testcase classname="|  | sowjanya1 | mb_no_blank |" name="And close site" time="0"/>
  <testcase classname="|  | sowjanya1 | mb_no_blank |" name="|  | sowjanya1 | mb_no_blank |" time="0"/>
  <testcase classname="| 8688278137 |  | pwd_blank |" name="Given launch site using &quot;chrome&quot;" time="0"/>
  <testcase classname="| 8688278137 |  | pwd_blank |" name="When Enter mobile number as &quot;8688278137&quot;" time="0"/>
  <testcase classname="| 8688278137 |  | pwd_blank |" name="And enter password as &quot;&quot;" time="0"/>
  <testcase classname="| 8688278137 |  | pwd_blank |" name="And click login" time="0"/>
  <testcase classname="| 8688278137 |  | pwd_blank |" name="Then validate output for criteria &quot;pwd_blank&quot;" time="0"/>
  <testcase classname="| 8688278137 |  | pwd_blank |" name="And close site" time="0"/>
  <testcase classname="| 8688278137 |  | pwd_blank |" name="| 8688278137 |  | pwd_blank |" time="0"/>
  <testcase classname="| 8688278136 | sowjanya1 | mb_no_invalid |" name="Given launch site using &quot;chrome&quot;" time="0"/>
  <testcase classname="| 8688278136 | sowjanya1 | mb_no_invalid |" name="When Enter mobile number as &quot;8688278136&quot;" time="0"/>
  <testcase classname="| 8688278136 | sowjanya1 | mb_no_invalid |" name="And enter password as &quot;sowjanya1&quot;" time="0"/>
  <testcase classname="| 8688278136 | sowjanya1 | mb_no_invalid |" name="And click login" time="0"/>
  <testcase classname="| 8688278136 | sowjanya1 | mb_no_invalid |" name="Then validate output for criteria &quot;mb_no_invalid&quot;" time="0"/>
  <testcase classname="| 8688278136 | sowjanya1 | mb_no_invalid |" name="And close site" time="0"/>
  <testcase classname="| 8688278136 | sowjanya1 | mb_no_invalid |" name="| 8688278136 | sowjanya1 | mb_no_invalid |" time="0"/>
  <testcase classname="| 8688278137 | sowjanya2 | pwd_invalid |" name="Given launch site using &quot;chrome&quot;" time="0"/>
  <testcase classname="| 8688278137 | sowjanya2 | pwd_invalid |" name="When Enter mobile number as &quot;8688278137&quot;" time="0"/>
  <testcase classname="| 8688278137 | sowjanya2 | pwd_invalid |" name="And enter password as &quot;sowjanya2&quot;" time="0"/>
  <testcase classname="| 8688278137 | sowjanya2 | pwd_invalid |" name="And click login" time="0"/>
  <testcase classname="| 8688278137 | sowjanya2 | pwd_invalid |" name="Then validate output for criteria &quot;pwd_invalid&quot;" time="0"/>
  <testcase classname="| 8688278137 | sowjanya2 | pwd_invalid |" name="And close site" time="0"/>
  <testcase classname="| 8688278137 | sowjanya2 | pwd_invalid |" name="| 8688278137 | sowjanya2 | pwd_invalid |" time="0"/>
</testsuite>